<?xml version="1.0" encoding="UTF-8"?>
<!-- Generated by org.testng.reporters.JUnitReportReporter -->
<testsuite hostname="IN-PF18SJRB" failures="0" tests="1" name="com.Guru99.TestCases.CurrentAccount_TC" time="25.515" errors="0" timestamp="2021-05-05T12:24:52 IST" skipped="0">
  <testcase classname="com.Guru99.TestCases.CurrentAccount_TC" name="CurrentAccount" time="25.515"/>
  <system-out/>
</testsuite> <!-- com.Guru99.TestCases.CurrentAccount_TC -->
